[WARNING] 2026-06-02 10:32:28,816 django.request log.log_response:248 — Unauthorized: /api/auth/me/
[WARNING] 2026-06-02 10:32:28,919 django.request log.log_response:248 — Bad Request: /api/auth/google/
[WARNING] 2026-06-02 10:32:29,681 django.request log.log_response:248 — Unauthorized: /api/auth/google/
[WARNING] 2026-06-02 10:32:57,457 django.request log.log_response:248 — Bad Request: /api/payment/orders/create/
[ERROR] 2026-06-02 10:33:03,858 payment.views views.api_order_create:632 — Error creating order for user 1: table payment_order has no column named status
Traceback (most recent call last):
  File "C:\Users\Windows\AppData\Local\Programs\Python\Python311\Lib\site-packages\django\db\backends\utils.py", line 105, in _execute
    return self.cursor.execute(sql, params)
           ^^^^^^^^^^^^^^^^^^^^^^^^^^^^^^^^
  File "C:\Users\Windows\AppData\Local\Programs\Python\Python311\Lib\site-packages\django\db\backends\sqlite3\base.py", line 354, in execute
    return super().execute(query, params)
           ^^^^^^^^^^^^^^^^^^^^^^^^^^^^^^
sqlite3.OperationalError: table payment_order has no column named status

The above exception was the direct cause of the following exception:

Traceback (most recent call last):
  File "C:\Users\Windows\Desktop\kltn-ai-ecommer\backend\payment\views.py", line 592, in api_order_create
    order = Order.objects.create(
            ^^^^^^^^^^^^^^^^^^^^^
  File "C:\Users\Windows\AppData\Local\Programs\Python\Python311\Lib\site-packages\django\db\models\manager.py", line 87, in manager_method
    return getattr(self.get_queryset(), name)(*args, **kwargs)
           ^^^^^^^^^^^^^^^^^^^^^^^^^^^^^^^^^^^^^^^^^^^^^^^^^^^
  File "C:\Users\Windows\AppData\Local\Programs\Python\Python311\Lib\site-packages\django\db\models\query.py", line 679, in create
    obj.save(force_insert=True, using=self.db)
  File "C:\Users\Windows\Desktop\kltn-ai-ecommer\backend\payment\models.py", line 69, in save
    super().save(*args, **kwargs)
  File "C:\Users\Windows\AppData\Local\Programs\Python\Python311\Lib\site-packages\django\db\models\base.py", line 891, in save
    self.save_base(
  File "C:\Users\Windows\AppData\Local\Programs\Python\Python311\Lib\site-packages\django\db\models\base.py", line 997, in save_base
    updated = self._save_table(
              ^^^^^^^^^^^^^^^^^
  File "C:\Users\Windows\AppData\Local\Programs\Python\Python311\Lib\site-packages\django\db\models\base.py", line 1160, in _save_table
    results = self._do_insert(
              ^^^^^^^^^^^^^^^^
  File "C:\Users\Windows\AppData\Local\Programs\Python\Python311\Lib\site-packages\django\db\models\base.py", line 1201, in _do_insert
    return manager._insert(
           ^^^^^^^^^^^^^^^^
  File "C:\Users\Windows\AppData\Local\Programs\Python\Python311\Lib\site-packages\django\db\models\manager.py", line 87, in manager_method
    return getattr(self.get_queryset(), name)(*args, **kwargs)
           ^^^^^^^^^^^^^^^^^^^^^^^^^^^^^^^^^^^^^^^^^^^^^^^^^^^
  File "C:\Users\Windows\AppData\Local\Programs\Python\Python311\Lib\site-packages\django\db\models\query.py", line 1847, in _insert
    return query.get_compiler(using=using).execute_sql(returning_fields)
           ^^^^^^^^^^^^^^^^^^^^^^^^^^^^^^^^^^^^^^^^^^^^^^^^^^^^^^^^^^^^^
  File "C:\Users\Windows\AppData\Local\Programs\Python\Python311\Lib\site-packages\django\db\models\sql\compiler.py", line 1836, in execute_sql
    cursor.execute(sql, params)
  File "C:\Users\Windows\AppData\Local\Programs\Python\Python311\Lib\site-packages\django\db\backends\utils.py", line 79, in execute
    return self._execute_with_wrappers(
           ^^^^^^^^^^^^^^^^^^^^^^^^^^^^
  File "C:\Users\Windows\AppData\Local\Programs\Python\Python311\Lib\site-packages\django\db\backends\utils.py", line 92, in _execute_with_wrappers
    return executor(sql, params, many, context)
           ^^^^^^^^^^^^^^^^^^^^^^^^^^^^^^^^^^^^
  File "C:\Users\Windows\AppData\Local\Programs\Python\Python311\Lib\site-packages\django\db\backends\utils.py", line 100, in _execute
    with self.db.wrap_database_errors:
  File "C:\Users\Windows\AppData\Local\Programs\Python\Python311\Lib\site-packages\django\db\utils.py", line 91, in __exit__
    raise dj_exc_value.with_traceback(traceback) from exc_value
  File "C:\Users\Windows\AppData\Local\Programs\Python\Python311\Lib\site-packages\django\db\backends\utils.py", line 105, in _execute
    return self.cursor.execute(sql, params)
           ^^^^^^^^^^^^^^^^^^^^^^^^^^^^^^^^
  File "C:\Users\Windows\AppData\Local\Programs\Python\Python311\Lib\site-packages\django\db\backends\sqlite3\base.py", line 354, in execute
    return super().execute(query, params)
           ^^^^^^^^^^^^^^^^^^^^^^^^^^^^^^
django.db.utils.OperationalError: table payment_order has no column named status
[ERROR] 2026-06-02 10:33:03,871 django.request log.log_response:248 — Internal Server Error: /api/payment/orders/create/
[WARNING] 2026-06-02 10:33:19,560 django.request log.log_response:248 — Bad Request: /api/store/products/search-by-image/
[WARNING] 2026-06-02 10:33:19,633 django.request log.log_response:248 — Method Not Allowed: /api/store/products/search-by-image/
[WARNING] 2026-06-02 15:46:31,696 django.request log.log_response:248 — Unauthorized: /api/auth/me/
[WARNING] 2026-06-02 15:46:31,768 django.request log.log_response:248 — Bad Request: /api/auth/google/
[WARNING] 2026-06-02 15:46:32,193 django.request log.log_response:248 — Unauthorized: /api/auth/google/
[WARNING] 2026-06-02 15:46:50,827 django.request log.log_response:248 — Bad Request: /api/payment/orders/create/
[WARNING] 2026-06-02 15:47:05,420 django.request log.log_response:248 — Bad Request: /api/store/products/search-by-image/
[WARNING] 2026-06-02 15:47:05,492 django.request log.log_response:248 — Method Not Allowed: /api/store/products/search-by-image/
[WARNING] 2026-06-02 15:51:09,947 django.request log.log_response:248 — Unauthorized: /api/auth/me/
[WARNING] 2026-06-02 15:51:10,065 django.request log.log_response:248 — Bad Request: /api/auth/google/
[WARNING] 2026-06-02 15:51:10,425 django.request log.log_response:248 — Unauthorized: /api/auth/google/
[WARNING] 2026-06-02 15:51:27,775 django.request log.log_response:248 — Bad Request: /api/payment/orders/create/
[WARNING] 2026-06-02 15:51:56,488 django.request log.log_response:248 — Bad Request: /api/store/products/search-by-image/
[WARNING] 2026-06-02 15:51:57,012 django.request log.log_response:248 — Method Not Allowed: /api/store/products/search-by-image/
[WARNING] 2026-06-02 17:12:14,258 django.request log.log_response:253 — Unauthorized: /api/auth/me/
[WARNING] 2026-06-02 17:12:14,323 django.request log.log_response:253 — Bad Request: /api/auth/google/
[WARNING] 2026-06-02 17:12:14,668 django.request log.log_response:253 — Unauthorized: /api/auth/google/
[WARNING] 2026-06-02 17:12:36,497 django.request log.log_response:253 — Bad Request: /api/payment/orders/create/
[WARNING] 2026-06-02 17:12:56,428 django.request log.log_response:253 — Bad Request: /api/store/products/search-by-image/
[WARNING] 2026-06-02 17:12:56,500 django.request log.log_response:253 — Method Not Allowed: /api/store/products/search-by-image/
[WARNING] 2026-06-02 19:58:35,043 django.request log.log_response:253 — Not Found: /
[WARNING] 2026-06-02 19:58:35,047 django.channels.server runserver.log_action:176 — [33mHTTP GET / 404 [0.11, 127.0.0.1:64991][0m
[WARNING] 2026-06-02 19:58:35,270 django.request log.log_response:253 — Not Found: /favicon.ico
[WARNING] 2026-06-02 19:58:35,275 django.channels.server runserver.log_action:176 — [33mHTTP GET /favicon.ico 404 [0.05, 127.0.0.1:64991][0m
[WARNING] 2026-06-02 20:05:04,155 django.request log.log_response:253 — Unauthorized: /api/auth/me/
[WARNING] 2026-06-02 20:05:04,158 django.channels.server runserver.log_action:178 — [31;1mHTTP GET /api/auth/me/ 401 [0.09, 127.0.0.1:65058][0m
[WARNING] 2026-06-02 20:05:04,203 django.request log.log_response:253 — Unauthorized: /api/auth/me/
[WARNING] 2026-06-02 20:05:04,210 django.channels.server runserver.log_action:178 — [31;1mHTTP GET /api/auth/me/ 401 [0.04, 127.0.0.1:65058][0m
[WARNING] 2026-06-02 20:06:41,712 django.request log.log_response:253 — Bad Request: /api/auth/register/
[WARNING] 2026-06-02 20:06:41,714 django.channels.server runserver.log_action:178 — [31;1mHTTP POST /api/auth/register/ 400 [3.07, 127.0.0.1:65121][0m
[WARNING] 2026-06-02 20:07:05,635 django.request log.log_response:253 — Bad Request: /api/auth/register/
[WARNING] 2026-06-02 20:07:05,638 django.channels.server runserver.log_action:178 — [31;1mHTTP POST /api/auth/register/ 400 [2.98, 127.0.0.1:65121][0m
[WARNING] 2026-06-02 20:11:31,061 django.request log.log_response:253 — Unauthorized: /api/auth/me/
[WARNING] 2026-06-02 20:11:31,171 django.request log.log_response:253 — Bad Request: /api/auth/google/
[WARNING] 2026-06-02 20:11:31,605 django.request log.log_response:253 — Unauthorized: /api/auth/google/
[WARNING] 2026-06-02 20:11:54,424 django.request log.log_response:253 — Bad Request: /api/payment/orders/create/
[WARNING] 2026-06-02 20:12:20,634 django.request log.log_response:253 — Bad Request: /api/store/products/search-by-image/
[WARNING] 2026-06-02 20:12:20,735 django.request log.log_response:253 — Method Not Allowed: /api/store/products/search-by-image/
[WARNING] 2026-06-04 22:17:15,067 django.request log.log_response:253 — Unauthorized: /api/payment/addresses/
[WARNING] 2026-06-04 22:17:15,083 django.channels.server runserver.log_action:178 — [31;1mHTTP GET /api/payment/addresses/ 401 [0.27, 127.0.0.1:49432][0m
[WARNING] 2026-06-04 22:17:32,374 django.request log.log_response:253 — Unauthorized: /api/payment/addresses/
[WARNING] 2026-06-04 22:17:32,376 django.channels.server runserver.log_action:178 — [31;1mHTTP GET /api/payment/addresses/ 401 [0.02, 127.0.0.1:49433][0m
[WARNING] 2026-06-04 22:17:48,324 django.request log.log_response:253 — Unauthorized: /api/payment/addresses/
[WARNING] 2026-06-04 22:17:48,326 django.channels.server runserver.log_action:178 — [31;1mHTTP GET /api/payment/addresses/ 401 [0.02, 127.0.0.1:49433][0m
[WARNING] 2026-06-04 22:18:43,664 django.request log.log_response:253 — Unauthorized: /api/auth/profile/
[WARNING] 2026-06-04 22:18:43,677 django.channels.server runserver.log_action:178 — [31;1mHTTP GET /api/auth/profile/ 401 [0.03, 127.0.0.1:49471][0m
[WARNING] 2026-06-05 14:17:45,816 django.request log.log_response:253 — Bad Request: /api/auth/otp/send/
[WARNING] 2026-06-05 14:17:45,820 django.channels.server runserver.log_action:178 — [31;1mHTTP POST /api/auth/otp/send/ 400 [2.87, 127.0.0.1:52183][0m
[WARNING] 2026-06-05 14:18:48,891 django.request log.log_response:253 — Bad Request: /api/auth/otp/send/
[WARNING] 2026-06-05 14:18:48,894 django.channels.server runserver.log_action:178 — [31;1mHTTP POST /api/auth/otp/send/ 400 [2.47, 127.0.0.1:52210][0m
[WARNING] 2026-06-05 15:35:24,097 django.request log.log_response:253 — Unauthorized: /api/cart/add/
[WARNING] 2026-06-05 15:35:24,121 django.channels.server runserver.log_action:178 — [31;1mHTTP POST /api/cart/add/ 401 [0.07, 127.0.0.1:58285][0m
[WARNING] 2026-06-05 17:06:07,307 django.request log.log_response:253 — Unauthorized: /api/auth/me/
[WARNING] 2026-06-05 17:06:07,311 django.channels.server runserver.log_action:178 — [31;1mHTTP GET /api/auth/me/ 401 [0.08, 127.0.0.1:59674][0m
[WARNING] 2026-06-05 17:06:07,347 django.request log.log_response:253 — Unauthorized: /api/auth/me/
[WARNING] 2026-06-05 17:06:07,350 django.channels.server runserver.log_action:178 — [31;1mHTTP GET /api/auth/me/ 401 [0.03, 127.0.0.1:59674][0m
[WARNING] 2026-06-05 17:06:09,895 django.request log.log_response:253 — Unauthorized: /api/auth/token/refresh/
[WARNING] 2026-06-05 17:06:09,895 django.request log.log_response:253 — Unauthorized: /api/auth/token/refresh/
[WARNING] 2026-06-05 17:06:09,901 django.channels.server runserver.log_action:178 — [31;1mHTTP POST /api/auth/token/refresh/ 401 [2.31, 127.0.0.1:59674][0m
[WARNING] 2026-06-05 17:06:09,906 django.channels.server runserver.log_action:178 — [31;1mHTTP POST /api/auth/token/refresh/ 401 [2.31, 127.0.0.1:59675][0m
[ERROR] 2026-06-05 22:00:19,619 django.request log.log_response:253 — Internal Server Error: /admin/login/
Traceback (most recent call last):
  File "C:\Users\Windows\Desktop\kltn-ai-ecommer\backend\venv\Lib\site-packages\asgiref\sync.py", line 557, in thread_handler
    raise exc_info[1]
  File "C:\Users\Windows\Desktop\kltn-ai-ecommer\backend\venv\Lib\site-packages\django\core\handlers\exception.py", line 42, in inner
    response = await get_response(request)
               ^^^^^^^^^^^^^^^^^^^^^^^^^^^
  File "C:\Users\Windows\Desktop\kltn-ai-ecommer\backend\venv\Lib\site-packages\asgiref\sync.py", line 557, in thread_handler
    raise exc_info[1]
  File "C:\Users\Windows\Desktop\kltn-ai-ecommer\backend\venv\Lib\site-packages\django\core\handlers\base.py", line 253, in _get_response_async
    response = await wrapped_callback(
               ^^^^^^^^^^^^^^^^^^^^^^^
  File "C:\Users\Windows\Desktop\kltn-ai-ecommer\backend\venv\Lib\site-packages\asgiref\sync.py", line 506, in __call__
    ret = await asyncio.shield(exec_coro)
          ^^^^^^^^^^^^^^^^^^^^^^^^^^^^^^^
  File "C:\Users\Windows\Desktop\kltn-ai-ecommer\backend\venv\Lib\site-packages\asgiref\current_thread_executor.py", line 40, in run
    result = self.fn(*self.args, **self.kwargs)
             ^^^^^^^^^^^^^^^^^^^^^^^^^^^^^^^^^^
  File "C:\Users\Windows\Desktop\kltn-ai-ecommer\backend\venv\Lib\site-packages\asgiref\sync.py", line 561, in thread_handler
    return func(*args, **kwargs)
           ^^^^^^^^^^^^^^^^^^^^^
  File "C:\Users\Windows\Desktop\kltn-ai-ecommer\backend\venv\Lib\site-packages\django\utils\decorators.py", line 48, in _wrapper
    return bound_method(*args, **kwargs)
           ^^^^^^^^^^^^^^^^^^^^^^^^^^^^^
  File "C:\Users\Windows\Desktop\kltn-ai-ecommer\backend\venv\Lib\site-packages\django\views\decorators\cache.py", line 80, in _view_wrapper
    response = view_func(request, *args, **kwargs)
               ^^^^^^^^^^^^^^^^^^^^^^^^^^^^^^^^^^^
  File "C:\Users\Windows\Desktop\kltn-ai-ecommer\backend\venv\Lib\site-packages\django\contrib\admin\sites.py", line 430, in login
    **self.each_context(request),
      ^^^^^^^^^^^^^^^^^^^^^^^^^^
  File "C:\Users\Windows\Desktop\kltn-ai-ecommer\backend\venv\Lib\site-packages\django\contrib\admin\sites.py", line 343, in each_context
    "available_apps": self.get_app_list(request),
                      ^^^^^^^^^^^^^^^^^^^^^^^^^^
  File "C:\Users\Windows\Desktop\kltn-ai-ecommer\backend\venv\Lib\site-packages\django\contrib\admin\sites.py", line 546, in get_app_list
    app_dict = self._build_app_dict(request, app_label)
               ^^^^^^^^^^^^^^^^^^^^^^^^^^^^^^^^^^^^^^^^
  File "C:\Users\Windows\Desktop\kltn-ai-ecommer\backend\venv\Lib\site-packages\django\contrib\admin\sites.py", line 488, in _build_app_dict
    has_module_perms = model_admin.has_module_permission(request)
                       ^^^^^^^^^^^^^^^^^^^^^^^^^^^^^^^^^^^^^^^^^^
  File "C:\Users\Windows\Desktop\kltn-ai-ecommer\backend\venv\Lib\site-packages\django\contrib\admin\options.py", line 641, in has_module_permission
    return request.user.has_module_perms(self.opts.app_label)
           ^^^^^^^^^^^^^^^^^^^^^^^^^^^^^^^^^^^^^^^^^^^^^^^^^^
  File "C:\Users\Windows\Desktop\kltn-ai-ecommer\backend\venv\Lib\site-packages\django\contrib\auth\models.py", line 620, in has_module_perms
    return _user_has_module_perms(self, module)
           ^^^^^^^^^^^^^^^^^^^^^^^^^^^^^^^^^^^^
  File "C:\Users\Windows\Desktop\kltn-ai-ecommer\backend\venv\Lib\site-packages\django\contrib\auth\models.py", line 293, in _user_has_module_perms
    for backend in auth.get_backends():
                   ^^^^^^^^^^^^^^^^^^^
  File "C:\Users\Windows\Desktop\kltn-ai-ecommer\backend\venv\Lib\site-packages\django\contrib\auth\__init__.py", line 40, in get_backends
    return _get_backends(return_tuples=False)
           ^^^^^^^^^^^^^^^^^^^^^^^^^^^^^^^^^^
  File "C:\Users\Windows\Desktop\kltn-ai-ecommer\backend\venv\Lib\site-packages\django\contrib\auth\__init__.py", line 29, in _get_backends
    backend = load_backend(backend_path)
              ^^^^^^^^^^^^^^^^^^^^^^^^^^
  File "C:\Users\Windows\Desktop\kltn-ai-ecommer\backend\venv\Lib\site-packages\django\contrib\auth\__init__.py", line 23, in load_backend
    return import_string(path)()
           ^^^^^^^^^^^^^^^^^^^
  File "C:\Users\Windows\Desktop\kltn-ai-ecommer\backend\venv\Lib\site-packages\django\utils\module_loading.py", line 30, in import_string
    return cached_import(module_path, class_name)
           ^^^^^^^^^^^^^^^^^^^^^^^^^^^^^^^^^^^^^^
  File "C:\Users\Windows\Desktop\kltn-ai-ecommer\backend\venv\Lib\site-packages\django\utils\module_loading.py", line 15, in cached_import
    module = import_module(module_path)
             ^^^^^^^^^^^^^^^^^^^^^^^^^^
  File "C:\Users\Windows\AppData\Local\Programs\Python\Python311\Lib\importlib\__init__.py", line 126, in import_module
    return _bootstrap._gcd_import(name[level:], package, level)
           ^^^^^^^^^^^^^^^^^^^^^^^^^^^^^^^^^^^^^^^^^^^^^^^^^^^^
  File "<frozen importlib._bootstrap>", line 1204, in _gcd_import
  File "<frozen importlib._bootstrap>", line 1176, in _find_and_load
  File "<frozen importlib._bootstrap>", line 1126, in _find_and_load_unlocked
  File "<frozen importlib._bootstrap>", line 241, in _call_with_frames_removed
  File "<frozen importlib._bootstrap>", line 1204, in _gcd_import
  File "<frozen importlib._bootstrap>", line 1176, in _find_and_load
  File "<frozen importlib._bootstrap>", line 1126, in _find_and_load_unlocked
  File "<frozen importlib._bootstrap>", line 241, in _call_with_frames_removed
  File "<frozen importlib._bootstrap>", line 1204, in _gcd_import
  File "<frozen importlib._bootstrap>", line 1176, in _find_and_load
  File "<frozen importlib._bootstrap>", line 1140, in _find_and_load_unlocked
ModuleNotFoundError: No module named 'social_core'
[ERROR] 2026-06-05 22:00:19,898 django.channels.server runserver.log_action:181 — [35;1mHTTP GET /admin/login/?next=/admin/ 500 [1.41, 127.0.0.1:49636][0m
[WARNING] 2026-06-05 22:00:23,512 django.request log.log_response:253 — Not Found: /favicon.ico
[WARNING] 2026-06-05 22:00:23,516 django.channels.server runserver.log_action:176 — [33mHTTP GET /favicon.ico 404 [0.07, 127.0.0.1:49636][0m
[ERROR] 2026-06-05 22:06:48,968 django.request log.log_response:253 — Internal Server Error: /admin/login/
Traceback (most recent call last):
  File "C:\Users\Windows\Desktop\kltn-ai-ecommer\backend\venv\Lib\site-packages\asgiref\sync.py", line 557, in thread_handler
    raise exc_info[1]
  File "C:\Users\Windows\Desktop\kltn-ai-ecommer\backend\venv\Lib\site-packages\django\core\handlers\exception.py", line 42, in inner
    response = await get_response(request)
               ^^^^^^^^^^^^^^^^^^^^^^^^^^^
  File "C:\Users\Windows\Desktop\kltn-ai-ecommer\backend\venv\Lib\site-packages\asgiref\sync.py", line 557, in thread_handler
    raise exc_info[1]
  File "C:\Users\Windows\Desktop\kltn-ai-ecommer\backend\venv\Lib\site-packages\django\core\handlers\base.py", line 253, in _get_response_async
    response = await wrapped_callback(
               ^^^^^^^^^^^^^^^^^^^^^^^
  File "C:\Users\Windows\Desktop\kltn-ai-ecommer\backend\venv\Lib\site-packages\asgiref\sync.py", line 506, in __call__
    ret = await asyncio.shield(exec_coro)
          ^^^^^^^^^^^^^^^^^^^^^^^^^^^^^^^
  File "C:\Users\Windows\Desktop\kltn-ai-ecommer\backend\venv\Lib\site-packages\asgiref\current_thread_executor.py", line 40, in run
    result = self.fn(*self.args, **self.kwargs)
             ^^^^^^^^^^^^^^^^^^^^^^^^^^^^^^^^^^
  File "C:\Users\Windows\Desktop\kltn-ai-ecommer\backend\venv\Lib\site-packages\asgiref\sync.py", line 561, in thread_handler
    return func(*args, **kwargs)
           ^^^^^^^^^^^^^^^^^^^^^
  File "C:\Users\Windows\Desktop\kltn-ai-ecommer\backend\venv\Lib\site-packages\django\utils\decorators.py", line 48, in _wrapper
    return bound_method(*args, **kwargs)
           ^^^^^^^^^^^^^^^^^^^^^^^^^^^^^
  File "C:\Users\Windows\Desktop\kltn-ai-ecommer\backend\venv\Lib\site-packages\django\views\decorators\cache.py", line 80, in _view_wrapper
    response = view_func(request, *args, **kwargs)
               ^^^^^^^^^^^^^^^^^^^^^^^^^^^^^^^^^^^
  File "C:\Users\Windows\Desktop\kltn-ai-ecommer\backend\venv\Lib\site-packages\django\contrib\admin\sites.py", line 430, in login
    **self.each_context(request),
      ^^^^^^^^^^^^^^^^^^^^^^^^^^
  File "C:\Users\Windows\Desktop\kltn-ai-ecommer\backend\venv\Lib\site-packages\django\contrib\admin\sites.py", line 343, in each_context
    "available_apps": self.get_app_list(request),
                      ^^^^^^^^^^^^^^^^^^^^^^^^^^
  File "C:\Users\Windows\Desktop\kltn-ai-ecommer\backend\venv\Lib\site-packages\django\contrib\admin\sites.py", line 546, in get_app_list
    app_dict = self._build_app_dict(request, app_label)
               ^^^^^^^^^^^^^^^^^^^^^^^^^^^^^^^^^^^^^^^^
  File "C:\Users\Windows\Desktop\kltn-ai-ecommer\backend\venv\Lib\site-packages\django\contrib\admin\sites.py", line 488, in _build_app_dict
    has_module_perms = model_admin.has_module_permission(request)
                       ^^^^^^^^^^^^^^^^^^^^^^^^^^^^^^^^^^^^^^^^^^
  File "C:\Users\Windows\Desktop\kltn-ai-ecommer\backend\venv\Lib\site-packages\django\contrib\admin\options.py", line 641, in has_module_permission
    return request.user.has_module_perms(self.opts.app_label)
           ^^^^^^^^^^^^^^^^^^^^^^^^^^^^^^^^^^^^^^^^^^^^^^^^^^
  File "C:\Users\Windows\Desktop\kltn-ai-ecommer\backend\venv\Lib\site-packages\django\contrib\auth\models.py", line 620, in has_module_perms
    return _user_has_module_perms(self, module)
           ^^^^^^^^^^^^^^^^^^^^^^^^^^^^^^^^^^^^
  File "C:\Users\Windows\Desktop\kltn-ai-ecommer\backend\venv\Lib\site-packages\django\contrib\auth\models.py", line 293, in _user_has_module_perms
    for backend in auth.get_backends():
                   ^^^^^^^^^^^^^^^^^^^
  File "C:\Users\Windows\Desktop\kltn-ai-ecommer\backend\venv\Lib\site-packages\django\contrib\auth\__init__.py", line 40, in get_backends
    return _get_backends(return_tuples=False)
           ^^^^^^^^^^^^^^^^^^^^^^^^^^^^^^^^^^
  File "C:\Users\Windows\Desktop\kltn-ai-ecommer\backend\venv\Lib\site-packages\django\contrib\auth\__init__.py", line 29, in _get_backends
    backend = load_backend(backend_path)
              ^^^^^^^^^^^^^^^^^^^^^^^^^^
  File "C:\Users\Windows\Desktop\kltn-ai-ecommer\backend\venv\Lib\site-packages\django\contrib\auth\__init__.py", line 23, in load_backend
    return import_string(path)()
           ^^^^^^^^^^^^^^^^^^^^^
  File "C:\Users\Windows\Desktop\kltn-ai-ecommer\backend\venv\Lib\site-packages\social_core\backends\base.py", line 39, in __init__
    strategy if strategy is not None else REGISTRY.default_strategy
                                          ^^^^^^^^^^^^^^^^^^^^^^^^^
  File "C:\Users\Windows\Desktop\kltn-ai-ecommer\backend\venv\Lib\site-packages\social_core\registry.py", line 21, in default_strategy
    raise DefaultStrategyMissingError
social_core.exceptions.DefaultStrategyMissingError: Default strategy is not configured
[ERROR] 2026-06-05 22:06:49,058 django.channels.server runserver.log_action:181 — [35;1mHTTP GET /admin/login/?next=/admin/ 500 [0.52, 127.0.0.1:49746][0m
[ERROR] 2026-06-05 22:06:53,236 django.request log.log_response:253 — Internal Server Error: /admin/login/
Traceback (most recent call last):
  File "C:\Users\Windows\Desktop\kltn-ai-ecommer\backend\venv\Lib\site-packages\asgiref\sync.py", line 557, in thread_handler
    raise exc_info[1]
  File "C:\Users\Windows\Desktop\kltn-ai-ecommer\backend\venv\Lib\site-packages\django\core\handlers\exception.py", line 42, in inner
    response = await get_response(request)
               ^^^^^^^^^^^^^^^^^^^^^^^^^^^
  File "C:\Users\Windows\Desktop\kltn-ai-ecommer\backend\venv\Lib\site-packages\asgiref\sync.py", line 557, in thread_handler
    raise exc_info[1]
  File "C:\Users\Windows\Desktop\kltn-ai-ecommer\backend\venv\Lib\site-packages\django\core\handlers\base.py", line 253, in _get_response_async
    response = await wrapped_callback(
               ^^^^^^^^^^^^^^^^^^^^^^^
  File "C:\Users\Windows\Desktop\kltn-ai-ecommer\backend\venv\Lib\site-packages\asgiref\sync.py", line 506, in __call__
    ret = await asyncio.shield(exec_coro)
          ^^^^^^^^^^^^^^^^^^^^^^^^^^^^^^^
  File "C:\Users\Windows\Desktop\kltn-ai-ecommer\backend\venv\Lib\site-packages\asgiref\current_thread_executor.py", line 40, in run
    result = self.fn(*self.args, **self.kwargs)
             ^^^^^^^^^^^^^^^^^^^^^^^^^^^^^^^^^^
  File "C:\Users\Windows\Desktop\kltn-ai-ecommer\backend\venv\Lib\site-packages\asgiref\sync.py", line 561, in thread_handler
    return func(*args, **kwargs)
           ^^^^^^^^^^^^^^^^^^^^^
  File "C:\Users\Windows\Desktop\kltn-ai-ecommer\backend\venv\Lib\site-packages\django\utils\decorators.py", line 48, in _wrapper
    return bound_method(*args, **kwargs)
           ^^^^^^^^^^^^^^^^^^^^^^^^^^^^^
  File "C:\Users\Windows\Desktop\kltn-ai-ecommer\backend\venv\Lib\site-packages\django\views\decorators\cache.py", line 80, in _view_wrapper
    response = view_func(request, *args, **kwargs)
               ^^^^^^^^^^^^^^^^^^^^^^^^^^^^^^^^^^^
  File "C:\Users\Windows\Desktop\kltn-ai-ecommer\backend\venv\Lib\site-packages\django\contrib\admin\sites.py", line 430, in login
    **self.each_context(request),
      ^^^^^^^^^^^^^^^^^^^^^^^^^^
  File "C:\Users\Windows\Desktop\kltn-ai-ecommer\backend\venv\Lib\site-packages\django\contrib\admin\sites.py", line 343, in each_context
    "available_apps": self.get_app_list(request),
                      ^^^^^^^^^^^^^^^^^^^^^^^^^^
  File "C:\Users\Windows\Desktop\kltn-ai-ecommer\backend\venv\Lib\site-packages\django\contrib\admin\sites.py", line 546, in get_app_list
    app_dict = self._build_app_dict(request, app_label)
               ^^^^^^^^^^^^^^^^^^^^^^^^^^^^^^^^^^^^^^^^
  File "C:\Users\Windows\Desktop\kltn-ai-ecommer\backend\venv\Lib\site-packages\django\contrib\admin\sites.py", line 488, in _build_app_dict
    has_module_perms = model_admin.has_module_permission(request)
                       ^^^^^^^^^^^^^^^^^^^^^^^^^^^^^^^^^^^^^^^^^^
  File "C:\Users\Windows\Desktop\kltn-ai-ecommer\backend\venv\Lib\site-packages\django\contrib\admin\options.py", line 641, in has_module_permission
    return request.user.has_module_perms(self.opts.app_label)
           ^^^^^^^^^^^^^^^^^^^^^^^^^^^^^^^^^^^^^^^^^^^^^^^^^^
  File "C:\Users\Windows\Desktop\kltn-ai-ecommer\backend\venv\Lib\site-packages\django\contrib\auth\models.py", line 620, in has_module_perms
    return _user_has_module_perms(self, module)
           ^^^^^^^^^^^^^^^^^^^^^^^^^^^^^^^^^^^^
  File "C:\Users\Windows\Desktop\kltn-ai-ecommer\backend\venv\Lib\site-packages\django\contrib\auth\models.py", line 293, in _user_has_module_perms
    for backend in auth.get_backends():
                   ^^^^^^^^^^^^^^^^^^^
  File "C:\Users\Windows\Desktop\kltn-ai-ecommer\backend\venv\Lib\site-packages\django\contrib\auth\__init__.py", line 40, in get_backends
    return _get_backends(return_tuples=False)
           ^^^^^^^^^^^^^^^^^^^^^^^^^^^^^^^^^^
  File "C:\Users\Windows\Desktop\kltn-ai-ecommer\backend\venv\Lib\site-packages\django\contrib\auth\__init__.py", line 29, in _get_backends
    backend = load_backend(backend_path)
              ^^^^^^^^^^^^^^^^^^^^^^^^^^
  File "C:\Users\Windows\Desktop\kltn-ai-ecommer\backend\venv\Lib\site-packages\django\contrib\auth\__init__.py", line 23, in load_backend
    return import_string(path)()
           ^^^^^^^^^^^^^^^^^^^^^
  File "C:\Users\Windows\Desktop\kltn-ai-ecommer\backend\venv\Lib\site-packages\social_core\backends\base.py", line 39, in __init__
    strategy if strategy is not None else REGISTRY.default_strategy
                                          ^^^^^^^^^^^^^^^^^^^^^^^^^
  File "C:\Users\Windows\Desktop\kltn-ai-ecommer\backend\venv\Lib\site-packages\social_core\registry.py", line 21, in default_strategy
    raise DefaultStrategyMissingError
social_core.exceptions.DefaultStrategyMissingError: Default strategy is not configured
[ERROR] 2026-06-05 22:06:53,307 django.channels.server runserver.log_action:181 — [35;1mHTTP GET /admin/login/?next=/admin/ 500 [0.24, 127.0.0.1:49746][0m
[ERROR] 2026-06-05 22:07:27,632 django.request log.log_response:253 — Internal Server Error: /admin/login/
Traceback (most recent call last):
  File "C:\Users\Windows\Desktop\kltn-ai-ecommer\backend\venv\Lib\site-packages\asgiref\sync.py", line 557, in thread_handler
    raise exc_info[1]
  File "C:\Users\Windows\Desktop\kltn-ai-ecommer\backend\venv\Lib\site-packages\django\core\handlers\exception.py", line 42, in inner
    response = await get_response(request)
               ^^^^^^^^^^^^^^^^^^^^^^^^^^^
  File "C:\Users\Windows\Desktop\kltn-ai-ecommer\backend\venv\Lib\site-packages\asgiref\sync.py", line 557, in thread_handler
    raise exc_info[1]
  File "C:\Users\Windows\Desktop\kltn-ai-ecommer\backend\venv\Lib\site-packages\django\core\handlers\base.py", line 253, in _get_response_async
    response = await wrapped_callback(
               ^^^^^^^^^^^^^^^^^^^^^^^
  File "C:\Users\Windows\Desktop\kltn-ai-ecommer\backend\venv\Lib\site-packages\asgiref\sync.py", line 506, in __call__
    ret = await asyncio.shield(exec_coro)
          ^^^^^^^^^^^^^^^^^^^^^^^^^^^^^^^
  File "C:\Users\Windows\Desktop\kltn-ai-ecommer\backend\venv\Lib\site-packages\asgiref\current_thread_executor.py", line 40, in run
    result = self.fn(*self.args, **self.kwargs)
             ^^^^^^^^^^^^^^^^^^^^^^^^^^^^^^^^^^
  File "C:\Users\Windows\Desktop\kltn-ai-ecommer\backend\venv\Lib\site-packages\asgiref\sync.py", line 561, in thread_handler
    return func(*args, **kwargs)
           ^^^^^^^^^^^^^^^^^^^^^
  File "C:\Users\Windows\Desktop\kltn-ai-ecommer\backend\venv\Lib\site-packages\django\utils\decorators.py", line 48, in _wrapper
    return bound_method(*args, **kwargs)
           ^^^^^^^^^^^^^^^^^^^^^^^^^^^^^
  File "C:\Users\Windows\Desktop\kltn-ai-ecommer\backend\venv\Lib\site-packages\django\views\decorators\cache.py", line 80, in _view_wrapper
    response = view_func(request, *args, **kwargs)
               ^^^^^^^^^^^^^^^^^^^^^^^^^^^^^^^^^^^
  File "C:\Users\Windows\Desktop\kltn-ai-ecommer\backend\venv\Lib\site-packages\django\contrib\admin\sites.py", line 430, in login
    **self.each_context(request),
      ^^^^^^^^^^^^^^^^^^^^^^^^^^
  File "C:\Users\Windows\Desktop\kltn-ai-ecommer\backend\venv\Lib\site-packages\django\contrib\admin\sites.py", line 343, in each_context
    "available_apps": self.get_app_list(request),
                      ^^^^^^^^^^^^^^^^^^^^^^^^^^
  File "C:\Users\Windows\Desktop\kltn-ai-ecommer\backend\venv\Lib\site-packages\django\contrib\admin\sites.py", line 546, in get_app_list
    app_dict = self._build_app_dict(request, app_label)
               ^^^^^^^^^^^^^^^^^^^^^^^^^^^^^^^^^^^^^^^^
  File "C:\Users\Windows\Desktop\kltn-ai-ecommer\backend\venv\Lib\site-packages\django\contrib\admin\sites.py", line 488, in _build_app_dict
    has_module_perms = model_admin.has_module_permission(request)
                       ^^^^^^^^^^^^^^^^^^^^^^^^^^^^^^^^^^^^^^^^^^
  File "C:\Users\Windows\Desktop\kltn-ai-ecommer\backend\venv\Lib\site-packages\django\contrib\admin\options.py", line 641, in has_module_permission
    return request.user.has_module_perms(self.opts.app_label)
           ^^^^^^^^^^^^^^^^^^^^^^^^^^^^^^^^^^^^^^^^^^^^^^^^^^
  File "C:\Users\Windows\Desktop\kltn-ai-ecommer\backend\venv\Lib\site-packages\django\contrib\auth\models.py", line 620, in has_module_perms
    return _user_has_module_perms(self, module)
           ^^^^^^^^^^^^^^^^^^^^^^^^^^^^^^^^^^^^
  File "C:\Users\Windows\Desktop\kltn-ai-ecommer\backend\venv\Lib\site-packages\django\contrib\auth\models.py", line 293, in _user_has_module_perms
    for backend in auth.get_backends():
                   ^^^^^^^^^^^^^^^^^^^
  File "C:\Users\Windows\Desktop\kltn-ai-ecommer\backend\venv\Lib\site-packages\django\contrib\auth\__init__.py", line 40, in get_backends
    return _get_backends(return_tuples=False)
           ^^^^^^^^^^^^^^^^^^^^^^^^^^^^^^^^^^
  File "C:\Users\Windows\Desktop\kltn-ai-ecommer\backend\venv\Lib\site-packages\django\contrib\auth\__init__.py", line 29, in _get_backends
    backend = load_backend(backend_path)
              ^^^^^^^^^^^^^^^^^^^^^^^^^^
  File "C:\Users\Windows\Desktop\kltn-ai-ecommer\backend\venv\Lib\site-packages\django\contrib\auth\__init__.py", line 23, in load_backend
    return import_string(path)()
           ^^^^^^^^^^^^^^^^^^^^^
  File "C:\Users\Windows\Desktop\kltn-ai-ecommer\backend\venv\Lib\site-packages\social_core\backends\base.py", line 39, in __init__
    strategy if strategy is not None else REGISTRY.default_strategy
                                          ^^^^^^^^^^^^^^^^^^^^^^^^^
  File "C:\Users\Windows\Desktop\kltn-ai-ecommer\backend\venv\Lib\site-packages\social_core\registry.py", line 21, in default_strategy
    raise DefaultStrategyMissingError
social_core.exceptions.DefaultStrategyMissingError: Default strategy is not configured
[ERROR] 2026-06-05 22:07:27,693 django.channels.server runserver.log_action:181 — [35;1mHTTP GET /admin/login/?next=/admin/ 500 [0.42, 127.0.0.1:49760][0m
[ERROR] 2026-06-05 22:08:59,980 django.request log.log_response:253 — Internal Server Error: /admin/login/
Traceback (most recent call last):
  File "C:\Users\Windows\Desktop\kltn-ai-ecommer\backend\venv\Lib\site-packages\asgiref\sync.py", line 557, in thread_handler
    raise exc_info[1]
  File "C:\Users\Windows\Desktop\kltn-ai-ecommer\backend\venv\Lib\site-packages\django\core\handlers\exception.py", line 42, in inner
    response = await get_response(request)
               ^^^^^^^^^^^^^^^^^^^^^^^^^^^
  File "C:\Users\Windows\Desktop\kltn-ai-ecommer\backend\venv\Lib\site-packages\asgiref\sync.py", line 557, in thread_handler
    raise exc_info[1]
  File "C:\Users\Windows\Desktop\kltn-ai-ecommer\backend\venv\Lib\site-packages\django\core\handlers\base.py", line 284, in _get_response_async
    response = await sync_to_async(
               ^^^^^^^^^^^^^^^^^^^^
  File "C:\Users\Windows\Desktop\kltn-ai-ecommer\backend\venv\Lib\site-packages\asgiref\sync.py", line 506, in __call__
    ret = await asyncio.shield(exec_coro)
          ^^^^^^^^^^^^^^^^^^^^^^^^^^^^^^^
  File "C:\Users\Windows\Desktop\kltn-ai-ecommer\backend\venv\Lib\site-packages\asgiref\current_thread_executor.py", line 40, in run
    result = self.fn(*self.args, **self.kwargs)
             ^^^^^^^^^^^^^^^^^^^^^^^^^^^^^^^^^^
  File "C:\Users\Windows\Desktop\kltn-ai-ecommer\backend\venv\Lib\site-packages\asgiref\sync.py", line 561, in thread_handler
    return func(*args, **kwargs)
           ^^^^^^^^^^^^^^^^^^^^^
  File "C:\Users\Windows\Desktop\kltn-ai-ecommer\backend\venv\Lib\site-packages\django\template\response.py", line 114, in render
    self.content = self.rendered_content
                   ^^^^^^^^^^^^^^^^^^^^^
  File "C:\Users\Windows\Desktop\kltn-ai-ecommer\backend\venv\Lib\site-packages\django\template\response.py", line 92, in rendered_content
    return template.render(context, self._request)
           ^^^^^^^^^^^^^^^^^^^^^^^^^^^^^^^^^^^^^^^
  File "C:\Users\Windows\Desktop\kltn-ai-ecommer\backend\venv\Lib\site-packages\django\template\backends\django.py", line 107, in render
    return self.template.render(context)
           ^^^^^^^^^^^^^^^^^^^^^^^^^^^^^
  File "C:\Users\Windows\Desktop\kltn-ai-ecommer\backend\venv\Lib\site-packages\django\template\base.py", line 170, in render
    with context.bind_template(self):
  File "C:\Users\Windows\AppData\Local\Programs\Python\Python311\Lib\contextlib.py", line 137, in __enter__
    return next(self.gen)
           ^^^^^^^^^^^^^^
  File "C:\Users\Windows\Desktop\kltn-ai-ecommer\backend\venv\Lib\site-packages\django\template\context.py", line 256, in bind_template
    processors = template.engine.template_context_processors + self._processors
                 ^^^^^^^^^^^^^^^^^^^^^^^^^^^^^^^^^^^^^^^^^^^
  File "C:\Users\Windows\Desktop\kltn-ai-ecommer\backend\venv\Lib\site-packages\django\utils\functional.py", line 47, in __get__
    res = instance.__dict__[self.name] = self.func(instance)
                                         ^^^^^^^^^^^^^^^^^^^
  File "C:\Users\Windows\Desktop\kltn-ai-ecommer\backend\venv\Lib\site-packages\django\template\engine.py", line 118, in template_context_processors
    return tuple(import_string(path) for path in context_processors)
           ^^^^^^^^^^^^^^^^^^^^^^^^^^^^^^^^^^^^^^^^^^^^^^^^^^^^^^^^^
  File "C:\Users\Windows\Desktop\kltn-ai-ecommer\backend\venv\Lib\site-packages\django\template\engine.py", line 118, in <genexpr>
    return tuple(import_string(path) for path in context_processors)
                 ^^^^^^^^^^^^^^^^^^^
  File "C:\Users\Windows\Desktop\kltn-ai-ecommer\backend\venv\Lib\site-packages\django\utils\module_loading.py", line 30, in import_string
    return cached_import(module_path, class_name)
           ^^^^^^^^^^^^^^^^^^^^^^^^^^^^^^^^^^^^^^
  File "C:\Users\Windows\Desktop\kltn-ai-ecommer\backend\venv\Lib\site-packages\django\utils\module_loading.py", line 15, in cached_import
    module = import_module(module_path)
             ^^^^^^^^^^^^^^^^^^^^^^^^^^
  File "C:\Users\Windows\AppData\Local\Programs\Python\Python311\Lib\importlib\__init__.py", line 126, in import_module
    return _bootstrap._gcd_import(name[level:], package, level)
           ^^^^^^^^^^^^^^^^^^^^^^^^^^^^^^^^^^^^^^^^^^^^^^^^^^^^
  File "<frozen importlib._bootstrap>", line 1204, in _gcd_import
  File "<frozen importlib._bootstrap>", line 1176, in _find_and_load
  File "<frozen importlib._bootstrap>", line 1126, in _find_and_load_unlocked
  File "<frozen importlib._bootstrap>", line 241, in _call_with_frames_removed
  File "<frozen importlib._bootstrap>", line 1204, in _gcd_import
  File "<frozen importlib._bootstrap>", line 1176, in _find_and_load
  File "<frozen importlib._bootstrap>", line 1126, in _find_and_load_unlocked
  File "<frozen importlib._bootstrap>", line 241, in _call_with_frames_removed
  File "<frozen importlib._bootstrap>", line 1204, in _gcd_import
  File "<frozen importlib._bootstrap>", line 1176, in _find_and_load
  File "<frozen importlib._bootstrap>", line 1126, in _find_and_load_unlocked
  File "<frozen importlib._bootstrap>", line 241, in _call_with_frames_removed
  File "<frozen importlib._bootstrap>", line 1204, in _gcd_import
  File "<frozen importlib._bootstrap>", line 1176, in _find_and_load
  File "<frozen importlib._bootstrap>", line 1140, in _find_and_load_unlocked
ModuleNotFoundError: No module named 'social'
[ERROR] 2026-06-05 22:09:00,124 django.channels.server runserver.log_action:181 — [35;1mHTTP GET /admin/login/?next=/admin/ 500 [3.96, 127.0.0.1:49780][0m
[WARNING] 2026-06-05 22:23:20,486 django.request log.log_response:253 — Unauthorized: /api/auth/login/
[WARNING] 2026-06-05 22:23:20,491 django.channels.server runserver.log_action:178 — [31;1mHTTP POST /api/auth/login/ 401 [4.58, 127.0.0.1:49945][0m
[WARNING] 2026-06-05 22:24:05,790 django.request log.log_response:253 — Unauthorized: /api/auth/login/
[WARNING] 2026-06-05 22:24:05,798 django.channels.server runserver.log_action:178 — [31;1mHTTP POST /api/auth/login/ 401 [4.53, 127.0.0.1:49945][0m
[WARNING] 2026-06-05 22:24:41,963 django.request log.log_response:253 — Unauthorized: /api/auth/me/
[WARNING] 2026-06-05 22:24:41,963 django.request log.log_response:253 — Unauthorized: /api/cart/
[WARNING] 2026-06-05 22:24:41,971 django.channels.server runserver.log_action:178 — [31;1mHTTP GET /api/auth/me/ 401 [0.19, 127.0.0.1:50089][0m
[WARNING] 2026-06-05 22:24:41,987 django.channels.server runserver.log_action:178 — [31;1mHTTP GET /api/cart/ 401 [0.21, 127.0.0.1:50088][0m
[WARNING] 2026-06-05 22:24:42,379 django.request log.log_response:253 — Unauthorized: /api/cart/
[WARNING] 2026-06-05 22:24:42,387 django.request log.log_response:253 — Unauthorized: /api/auth/me/
[WARNING] 2026-06-05 22:24:42,467 django.channels.server runserver.log_action:178 — [31;1mHTTP GET /api/cart/ 401 [0.24, 127.0.0.1:50088][0m
[WARNING] 2026-06-05 22:24:42,475 django.channels.server runserver.log_action:178 — [31;1mHTTP GET /api/auth/me/ 401 [0.46, 127.0.0.1:50089][0m
[WARNING] 2026-06-05 22:24:45,096 django.request log.log_response:253 — Unauthorized: /api/auth/token/refresh/
[WARNING] 2026-06-05 22:24:45,100 django.channels.server runserver.log_action:178 — [31;1mHTTP POST /api/auth/token/refresh/ 401 [2.81, 127.0.0.1:50092][0m
[WARNING] 2026-06-05 22:24:45,240 django.request log.log_response:253 — Unauthorized: /api/auth/token/refresh/
[WARNING] 2026-06-05 22:24:45,245 django.channels.server runserver.log_action:178 — [31;1mHTTP POST /api/auth/token/refresh/ 401 [2.72, 127.0.0.1:50089][0m
[WARNING] 2026-06-05 22:24:45,306 django.request log.log_response:253 — Unauthorized: /api/auth/token/refresh/
[WARNING] 2026-06-05 22:24:45,316 django.channels.server runserver.log_action:178 — [31;1mHTTP POST /api/auth/token/refresh/ 401 [3.01, 127.0.0.1:50082][0m
[WARNING] 2026-06-06 06:46:03,419 django.request log.log_response:248 — Unauthorized: /api/auth/me/
[WARNING] 2026-06-06 06:46:03,730 django.request log.log_response:248 — Bad Request: /api/auth/google/
[WARNING] 2026-06-06 06:46:04,607 django.request log.log_response:248 — Unauthorized: /api/auth/google/
[WARNING] 2026-06-06 06:46:14,906 django.request log.log_response:248 — Bad Request: /api/auth/register/
[WARNING] 2026-06-06 06:46:23,024 django.request log.log_response:248 — Bad Request: /api/payment/orders/create/
[WARNING] 2026-06-06 06:46:42,659 django.request log.log_response:248 — Bad Request: /api/store/products/search-by-image/
[WARNING] 2026-06-06 06:46:42,862 django.request log.log_response:248 — Method Not Allowed: /api/store/products/search-by-image/
[WARNING] 2026-06-06 06:52:24,707 django.request log.log_response:248 — Unauthorized: /api/auth/me/
[WARNING] 2026-06-06 06:52:24,836 django.request log.log_response:248 — Bad Request: /api/auth/google/
[WARNING] 2026-06-06 06:52:25,406 django.request log.log_response:248 — Unauthorized: /api/auth/google/
[WARNING] 2026-06-06 06:52:42,964 django.request log.log_response:248 — Bad Request: /api/payment/orders/create/
[WARNING] 2026-06-06 06:53:07,561 django.request log.log_response:248 — Bad Request: /api/store/products/search-by-image/
[WARNING] 2026-06-06 06:53:07,695 django.request log.log_response:248 — Method Not Allowed: /api/store/products/search-by-image/
[WARNING] 2026-06-09 19:01:20,844 django.request log.log_response:248 — Unauthorized: /api/cart/
[WARNING] 2026-06-09 19:01:20,848 django.request log.log_response:248 — Unauthorized: /api/auth/me/
[WARNING] 2026-06-09 19:01:20,851 django.channels.server runserver.log_action:191 — HTTP GET /api/cart/ 401 [0.11, 127.0.0.1:55518]
[WARNING] 2026-06-09 19:01:20,855 django.channels.server runserver.log_action:191 — HTTP GET /api/auth/me/ 401 [0.13, 127.0.0.1:55517]
[WARNING] 2026-06-09 19:01:20,893 django.request log.log_response:248 — Unauthorized: /api/cart/
[WARNING] 2026-06-09 19:01:20,894 django.request log.log_response:248 — Unauthorized: /api/auth/me/
[WARNING] 2026-06-09 19:01:20,896 django.channels.server runserver.log_action:191 — HTTP GET /api/cart/ 401 [0.04, 127.0.0.1:55518]
[WARNING] 2026-06-09 19:01:20,902 django.channels.server runserver.log_action:191 — HTTP GET /api/auth/me/ 401 [0.04, 127.0.0.1:55517]
